This file contains any messages produced by compilers while
running configure, to aid debugging if configure makes a mistake.

It was created by mfcuk configure 0.3.8, which was
generated by GNU Autoconf 2.72.  Invocation command line was

  $ ./configure

## --------- ##
## Platform. ##
## --------- ##

hostname = martin-Strix-GL504GM-GL504GM
uname -m = x86_64
uname -r = 6.17.0-14-generic
uname -s = Linux
uname -v = #14-Ubuntu SMP PREEMPT_DYNAMIC Fri Jan  9 17:01:16 UTC 2026

/usr/bin/uname -p = unknown
/bin/uname -X     = unknown

/bin/arch              = x86_64
/usr/bin/arch -k       = unknown
/usr/convex/getsysinfo = unknown
/usr/bin/hostinfo      = unknown
/bin/machine           = unknown
/usr/bin/oslevel       = unknown
/bin/universe          = unknown

PATH: /home/martin/.local/bin/
PATH: /home/martin/.local/bin/
PATH: /usr/local/sbin/
PATH: /usr/local/bin/
PATH: /usr/sbin/
PATH: /usr/bin/
PATH: /sbin/
PATH: /bin/
PATH: /usr/games/
PATH: /usr/local/games/
PATH: /snap/bin/
PATH: /snap/bin/


## ----------- ##
## Core tests. ##
## ----------- ##

configure:2493: looking for aux files: config.guess config.sub compile missing install-sh
configure:2506:  trying ./
configure:2535:   ./config.guess found
configure:2535:   ./config.sub found
configure:2535:   ./compile found
configure:2535:   ./missing found
configure:2517:   ./install-sh found
configure:2666: checking for a BSD-compatible install
configure:2740: result: /usr/bin/install -c
configure:2751: checking whether sleep supports fractional seconds
configure:2767: result: yes
configure:2770: checking filesystem timestamp resolution
configure:2905: result: 0.01
configure:2910: checking whether build environment is sane
configure:2951: result: yes
configure:3122: checking for a race-free mkdir -p
configure:3165: result: mkdir -p
configure:3172: checking for gawk
configure:3208: result: no
configure:3172: checking for mawk
configure:3193: found /usr/bin/mawk
configure:3205: result: mawk
configure:3216: checking whether make sets $(MAKE)
configure:3240: result: yes
configure:3266: checking whether make supports nested variables
configure:3285: result: yes
configure:3299: checking xargs -n works
configure:3315: result: yes
configure:3477: checking for gcc
configure:3498: found /usr/bin/gcc
configure:3510: result: gcc
configure:3869: checking for C compiler version
configure:3878: gcc --version >&5
gcc (Ubuntu 15.2.0-4ubuntu4) 15.2.0
Copyright (C) 2025 Free Software Foundation, Inc.
This is free software; see the source for copying conditions.  There is NO
warranty; not even for MERCHANTABILITY or FITNESS FOR A PARTICULAR PURPOSE.

configure:3889: $? = 0
configure:3878: gcc -v >&5
Using built-in specs.
COLLECT_GCC=gcc
COLLECT_LTO_WRAPPER=/usr/libexec/gcc/x86_64-linux-gnu/15/lto-wrapper
OFFLOAD_TARGET_NAMES=nvptx-none:amdgcn-amdhsa
OFFLOAD_TARGET_DEFAULT=1
Target: x86_64-linux-gnu
Configured with: ../src/configure -v --with-pkgversion='Ubuntu 15.2.0-4ubuntu4' --with-bugurl=file:///usr/share/doc/gcc-15/README.Bugs --enable-languages=c,ada,c++,go,d,fortran,objc,obj-c++,m2,rust,cobol,algol68 --prefix=/usr --with-gcc-major-version-only --program-suffix=-15 --program-prefix=x86_64-linux-gnu- --enable-shared --enable-linker-build-id --libexecdir=/usr/libexec --without-included-gettext --enable-threads=posix --libdir=/usr/lib --enable-nls --enable-bootstrap --enable-clocale=gnu --enable-libstdcxx-debug --enable-libstdcxx-time=yes --with-default-libstdcxx-abi=new --enable-libstdcxx-backtrace --enable-gnu-unique-object --disable-vtable-verify --enable-plugin --enable-default-pie --with-system-zlib --enable-libphobos-checking=release --with-target-system-zlib=auto --enable-objc-gc=auto --enable-multiarch --disable-werror --enable-cet --with-arch-32=i686 --with-abi=m64 --with-multilib-list=m32,m64,mx32 --enable-multilib --with-tune=generic --enable-offload-targets=nvptx-none=/build/gcc-15-deiAlw/gcc-15-15.2.0/debian/tmp-nvptx/usr,amdgcn-amdhsa=/build/gcc-15-deiAlw/gcc-15-15.2.0/debian/tmp-gcn/usr --enable-offload-defaulted --without-cuda-driver --enable-checking=release --build=x86_64-linux-gnu --host=x86_64-linux-gnu --target=x86_64-linux-gnu --with-build-config=bootstrap-lto-lean --enable-link-serialization=2
Thread model: posix
Supported LTO compression algorithms: zlib zstd
gcc version 15.2.0 (Ubuntu 15.2.0-4ubuntu4) 
... rest of stderr output deleted ...
configure:3889: $? = 0
configure:3878: gcc -V >&5
gcc: error: unrecognized command-line option '-V'
gcc: fatal error: no input files
compilation terminated.
configure:3889: $? = 1
configure:3878: gcc -qversion >&5
gcc: error: unrecognized command-line option '-qversion'; did you mean '--version'?
gcc: fatal error: no input files
compilation terminated.
configure:3889: $? = 1
configure:3878: gcc -version >&5
gcc: error: unrecognized command-line option '-version'
gcc: fatal error: no input files
compilation terminated.
configure:3889: $? = 1
configure:3909: checking whether the C compiler works
configure:3931: gcc    conftest.c  >&5
configure:3935: $? = 0
configure:3986: result: yes
configure:3990: checking for C compiler default output file name
configure:3992: result: a.out
configure:3998: checking for suffix of executables
configure:4005: gcc -o conftest    conftest.c  >&5
configure:4009: $? = 0
configure:4033: result: 
configure:4057: checking whether we are cross compiling
configure:4065: gcc -o conftest    conftest.c  >&5
configure:4069: $? = 0
configure:4076: ./conftest
configure:4080: $? = 0
configure:4095: result: no
configure:4101: checking for suffix of object files
configure:4124: gcc -c   conftest.c >&5
configure:4128: $? = 0
configure:4152: result: o
configure:4156: checking whether the compiler supports GNU C
configure:4176: gcc -c   conftest.c >&5
configure:4176: $? = 0
configure:4188: result: yes
configure:4199: checking whether gcc accepts -g
configure:4220: gcc -c -g  conftest.c >&5
configure:4220: $? = 0
configure:4267: result: yes
configure:4287: checking for gcc option to enable C11 features
configure:4302: gcc  -c -g -O2  conftest.c >&5
configure:4302: $? = 0
configure:4321: result: none needed
configure:4445: checking whether gcc understands -c and -o together
configure:4468: gcc -c conftest.c -o conftest2.o
configure:4471: $? = 0
configure:4468: gcc -c conftest.c -o conftest2.o
configure:4471: $? = 0
configure:4484: result: yes
configure:4504: checking whether make supports the include directive
configure:4519: make -f confmf.GNU && cat confinc.out
this is the am__doit target
configure:4522: $? = 0
configure:4541: result: yes (GNU style)
configure:4567: checking dependency style of gcc
configure:4680: result: gcc3
configure:4764: checking for pkg-config
configure:4787: found /usr/bin/pkg-config
configure:4800: result: /usr/bin/pkg-config
configure:4825: checking pkg-config is at least version 0.9.0
configure:4828: result: yes
configure:4838: checking for libnfc >= 1.7.0
configure:4845: $PKG_CONFIG --exists --print-errors "libnfc >= $LIBNFC_REQUIRED_VERSION"
configure:4848: $? = 0
configure:4862: $PKG_CONFIG --exists --print-errors "libnfc >= $LIBNFC_REQUIRED_VERSION"
configure:4865: $? = 0
configure:4903: result: yes
configure:4913: checking for inline
configure:4930: gcc -c -g -O2  conftest.c >&5
configure:4930: $? = 0
configure:4940: result: inline
configure:4962: checking for stdio.h
configure:4962: gcc -c -g -O2  conftest.c >&5
configure:4962: $? = 0
configure:4962: result: yes
configure:4962: checking for stdlib.h
configure:4962: gcc -c -g -O2  conftest.c >&5
configure:4962: $? = 0
configure:4962: result: yes
configure:4962: checking for string.h
configure:4962: gcc -c -g -O2  conftest.c >&5
configure:4962: $? = 0
configure:4962: result: yes
configure:4962: checking for inttypes.h
configure:4962: gcc -c -g -O2  conftest.c >&5
configure:4962: $? = 0
configure:4962: result: yes
configure:4962: checking for stdint.h
configure:4962: gcc -c -g -O2  conftest.c >&5
configure:4962: $? = 0
configure:4962: result: yes
configure:4962: checking for strings.h
configure:4962: gcc -c -g -O2  conftest.c >&5
configure:4962: $? = 0
configure:4962: result: yes
configure:4962: checking for sys/stat.h
configure:4962: gcc -c -g -O2  conftest.c >&5
configure:4962: $? = 0
configure:4962: result: yes
configure:4962: checking for sys/types.h
configure:4962: gcc -c -g -O2  conftest.c >&5
configure:4962: $? = 0
configure:4962: result: yes
configure:4962: checking for unistd.h
configure:4962: gcc -c -g -O2  conftest.c >&5
configure:4962: $? = 0
configure:4962: result: yes
configure:4987: checking for _Bool
configure:4987: gcc -c -g -O2  conftest.c >&5
configure:4987: $? = 0
configure:4987: gcc -c -g -O2  conftest.c >&5
conftest.c: In function 'main':
conftest.c:52:20: error: expected expression before ')' token
   52 | if (sizeof ((_Bool)))
      |                    ^
configure:4987: $? = 1
configure: failed program was:
| /* confdefs.h */
| #define PACKAGE_NAME "mfcuk"
| #define PACKAGE_TARNAME "mfcuk"
| #define PACKAGE_VERSION "0.3.8"
| #define PACKAGE_STRING "mfcuk 0.3.8"
| #define PACKAGE_BUGREPORT "zveriu@gmail.com"
| #define PACKAGE_URL ""
| #define PACKAGE "mfcuk"
| #define VERSION "0.3.8"
| #define HAVE_STDIO_H 1
| #define HAVE_STDLIB_H 1
| #define HAVE_STRING_H 1
| #define HAVE_INTTYPES_H 1
| #define HAVE_STDINT_H 1
| #define HAVE_STRINGS_H 1
| #define HAVE_SYS_STAT_H 1
| #define HAVE_SYS_TYPES_H 1
| #define HAVE_UNISTD_H 1
| #define STDC_HEADERS 1
| /* end confdefs.h.  */
| #include <stddef.h>
| #ifdef HAVE_STDIO_H
| # include <stdio.h>
| #endif
| #ifdef HAVE_STDLIB_H
| # include <stdlib.h>
| #endif
| #ifdef HAVE_STRING_H
| # include <string.h>
| #endif
| #ifdef HAVE_INTTYPES_H
| # include <inttypes.h>
| #endif
| #ifdef HAVE_STDINT_H
| # include <stdint.h>
| #endif
| #ifdef HAVE_STRINGS_H
| # include <strings.h>
| #endif
| #ifdef HAVE_SYS_TYPES_H
| # include <sys/types.h>
| #endif
| #ifdef HAVE_SYS_STAT_H
| # include <sys/stat.h>
| #endif
| #ifdef HAVE_UNISTD_H
| # include <unistd.h>
| #endif
| int
| main (void)
| {
| if (sizeof ((_Bool)))
| 	    return 0;
|   ;
|   return 0;
| }
configure:4987: result: yes
configure:4996: checking for stdbool.h that conforms to C99 or later
configure:5071: gcc -c -g -O2  conftest.c >&5
configure:5071: $? = 0
configure:5081: result: yes
configure:5090: checking for size_t
configure:5090: gcc -c -g -O2  conftest.c >&5
configure:5090: $? = 0
configure:5090: gcc -c -g -O2  conftest.c >&5
conftest.c: In function 'main':
conftest.c:54:21: error: expected expression before ')' token
   54 | if (sizeof ((size_t)))
      |                     ^
configure:5090: $? = 1
configure: failed program was:
| /* confdefs.h */
| #define PACKAGE_NAME "mfcuk"
| #define PACKAGE_TARNAME "mfcuk"
| #define PACKAGE_VERSION "0.3.8"
| #define PACKAGE_STRING "mfcuk 0.3.8"
| #define PACKAGE_BUGREPORT "zveriu@gmail.com"
| #define PACKAGE_URL ""
| #define PACKAGE "mfcuk"
| #define VERSION "0.3.8"
| #define HAVE_STDIO_H 1
| #define HAVE_STDLIB_H 1
| #define HAVE_STRING_H 1
| #define HAVE_INTTYPES_H 1
| #define HAVE_STDINT_H 1
| #define HAVE_STRINGS_H 1
| #define HAVE_SYS_STAT_H 1
| #define HAVE_SYS_TYPES_H 1
| #define HAVE_UNISTD_H 1
| #define STDC_HEADERS 1
| #define HAVE__BOOL 1
| #define HAVE_STDBOOL_H 1
| /* end confdefs.h.  */
| #include <stddef.h>
| #ifdef HAVE_STDIO_H
| # include <stdio.h>
| #endif
| #ifdef HAVE_STDLIB_H
| # include <stdlib.h>
| #endif
| #ifdef HAVE_STRING_H
| # include <string.h>
| #endif
| #ifdef HAVE_INTTYPES_H
| # include <inttypes.h>
| #endif
| #ifdef HAVE_STDINT_H
| # include <stdint.h>
| #endif
| #ifdef HAVE_STRINGS_H
| # include <strings.h>
| #endif
| #ifdef HAVE_SYS_TYPES_H
| # include <sys/types.h>
| #endif
| #ifdef HAVE_SYS_STAT_H
| # include <sys/stat.h>
| #endif
| #ifdef HAVE_UNISTD_H
| # include <unistd.h>
| #endif
| int
| main (void)
| {
| if (sizeof ((size_t)))
| 	    return 0;
|   ;
|   return 0;
| }
configure:5090: result: yes
configure:5101: checking for uint16_t
configure:5101: gcc -c -g -O2  conftest.c >&5
configure:5101: $? = 0
configure:5101: result: yes
configure:5111: checking for uint32_t
configure:5111: gcc -c -g -O2  conftest.c >&5
configure:5111: $? = 0
configure:5111: result: yes
configure:5123: checking for uint64_t
configure:5123: gcc -c -g -O2  conftest.c >&5
configure:5123: $? = 0
configure:5123: result: yes
configure:5135: checking for uint8_t
configure:5135: gcc -c -g -O2  conftest.c >&5
configure:5135: $? = 0
configure:5135: result: yes
configure:5155: checking build system type
configure:5171: result: x86_64-pc-linux-gnu
configure:5191: checking host system type
configure:5206: result: x86_64-pc-linux-gnu
configure:5226: checking for GNU libc compatible malloc
configure:5258: gcc -o conftest -g -O2   conftest.c  >&5
configure:5258: $? = 0
configure:5258: ./conftest
configure:5258: $? = 0
configure:5272: result: yes
configure:5295: checking for GNU libc compatible realloc
configure:5327: gcc -o conftest -g -O2   conftest.c  >&5
configure:5327: $? = 0
configure:5327: ./conftest
configure:5327: $? = 0
configure:5341: result: yes
configure:5365: checking for memset
configure:5365: gcc -o conftest -g -O2   conftest.c  >&5
conftest.c:41:6: warning: conflicting types for built-in function 'memset'; expected 'void *(void *, int,  long unsigned int)' [-Wbuiltin-declaration-mismatch]
   41 | char memset (void);
      |      ^~~~~~
conftest.c:33:1: note: 'memset' is declared in header '<string.h>'
   32 | #include <limits.h>
   33 | #undef memset
configure:5365: $? = 0
configure:5365: result: yes
configure:5371: checking for strchr
configure:5371: gcc -o conftest -g -O2   conftest.c  >&5
conftest.c:42:6: warning: conflicting types for built-in function 'strchr'; expected 'char *(const char *, int)' [-Wbuiltin-declaration-mismatch]
   42 | char strchr (void);
      |      ^~~~~~
conftest.c:34:1: note: 'strchr' is declared in header '<string.h>'
   33 | #include <limits.h>
   34 | #undef strchr
configure:5371: $? = 0
configure:5371: result: yes
configure:5377: checking for strtoul
configure:5377: gcc -o conftest -g -O2   conftest.c  >&5
configure:5377: $? = 0
configure:5377: result: yes
configure:5386: checking for endian.h
configure:5386: gcc -c -g -O2  conftest.c >&5
configure:5386: $? = 0
configure:5386: result: yes
configure:5392: checking for sys/endian.h
configure:5392: gcc -c -g -O2  conftest.c >&5
conftest.c:57:10: fatal error: sys/endian.h: No such file or directory
   57 | #include <sys/endian.h>
      |          ^~~~~~~~~~~~~~
compilation terminated.
configure:5392: $? = 1
configure: failed program was:
| /* confdefs.h */
| #define PACKAGE_NAME "mfcuk"
| #define PACKAGE_TARNAME "mfcuk"
| #define PACKAGE_VERSION "0.3.8"
| #define PACKAGE_STRING "mfcuk 0.3.8"
| #define PACKAGE_BUGREPORT "zveriu@gmail.com"
| #define PACKAGE_URL ""
| #define PACKAGE "mfcuk"
| #define VERSION "0.3.8"
| #define HAVE_STDIO_H 1
| #define HAVE_STDLIB_H 1
| #define HAVE_STRING_H 1
| #define HAVE_INTTYPES_H 1
| #define HAVE_STDINT_H 1
| #define HAVE_STRINGS_H 1
| #define HAVE_SYS_STAT_H 1
| #define HAVE_SYS_TYPES_H 1
| #define HAVE_UNISTD_H 1
| #define STDC_HEADERS 1
| #define HAVE__BOOL 1
| #define HAVE_STDBOOL_H 1
| #define HAVE_MALLOC 1
| #define HAVE_REALLOC 1
| #define HAVE_MEMSET 1
| #define HAVE_STRCHR 1
| #define HAVE_STRTOUL 1
| #define HAVE_ENDIAN_H 1
| /* end confdefs.h.  */
| #include <stddef.h>
| #ifdef HAVE_STDIO_H
| # include <stdio.h>
| #endif
| #ifdef HAVE_STDLIB_H
| # include <stdlib.h>
| #endif
| #ifdef HAVE_STRING_H
| # include <string.h>
| #endif
| #ifdef HAVE_INTTYPES_H
| # include <inttypes.h>
| #endif
| #ifdef HAVE_STDINT_H
| # include <stdint.h>
| #endif
| #ifdef HAVE_STRINGS_H
| # include <strings.h>
| #endif
| #ifdef HAVE_SYS_TYPES_H
| # include <sys/types.h>
| #endif
| #ifdef HAVE_SYS_STAT_H
| # include <sys/stat.h>
| #endif
| #ifdef HAVE_UNISTD_H
| # include <unistd.h>
| #endif
| #include <sys/endian.h>
configure:5392: result: no
configure:5398: checking for CoreFoundation/CoreFoundation.h
configure:5398: gcc -c -g -O2  conftest.c >&5
conftest.c:57:10: fatal error: CoreFoundation/CoreFoundation.h: No such file or directory
   57 | #include <CoreFoundation/CoreFoundation.h>
      |          ^~~~~~~~~~~~~~~~~~~~~~~~~~~~~~~~~
compilation terminated.
configure:5398: $? = 1
configure: failed program was:
| /* confdefs.h */
| #define PACKAGE_NAME "mfcuk"
| #define PACKAGE_TARNAME "mfcuk"
| #define PACKAGE_VERSION "0.3.8"
| #define PACKAGE_STRING "mfcuk 0.3.8"
| #define PACKAGE_BUGREPORT "zveriu@gmail.com"
| #define PACKAGE_URL ""
| #define PACKAGE "mfcuk"
| #define VERSION "0.3.8"
| #define HAVE_STDIO_H 1
| #define HAVE_STDLIB_H 1
| #define HAVE_STRING_H 1
| #define HAVE_INTTYPES_H 1
| #define HAVE_STDINT_H 1
| #define HAVE_STRINGS_H 1
| #define HAVE_SYS_STAT_H 1
| #define HAVE_SYS_TYPES_H 1
| #define HAVE_UNISTD_H 1
| #define STDC_HEADERS 1
| #define HAVE__BOOL 1
| #define HAVE_STDBOOL_H 1
| #define HAVE_MALLOC 1
| #define HAVE_REALLOC 1
| #define HAVE_MEMSET 1
| #define HAVE_STRCHR 1
| #define HAVE_STRTOUL 1
| #define HAVE_ENDIAN_H 1
| /* end confdefs.h.  */
| #include <stddef.h>
| #ifdef HAVE_STDIO_H
| # include <stdio.h>
| #endif
| #ifdef HAVE_STDLIB_H
| # include <stdlib.h>
| #endif
| #ifdef HAVE_STRING_H
| # include <string.h>
| #endif
| #ifdef HAVE_INTTYPES_H
| # include <inttypes.h>
| #endif
| #ifdef HAVE_STDINT_H
| # include <stdint.h>
| #endif
| #ifdef HAVE_STRINGS_H
| # include <strings.h>
| #endif
| #ifdef HAVE_SYS_TYPES_H
| # include <sys/types.h>
| #endif
| #ifdef HAVE_SYS_STAT_H
| # include <sys/stat.h>
| #endif
| #ifdef HAVE_UNISTD_H
| # include <unistd.h>
| #endif
| #include <CoreFoundation/CoreFoundation.h>
configure:5398: result: no
configure:5409: checking for byteswap.h
configure:5409: gcc -c -g -O2  conftest.c >&5
configure:5409: $? = 0
configure:5409: result: yes
configure:5417: checking for unistd.h
configure:5417: result: yes
configure:5543: checking that generated files are newer than configure
configure:5549: result: done
configure:5588: creating ./config.status

## ---------------------- ##
## Running config.status. ##
## ---------------------- ##

This file was extended by mfcuk config.status 0.3.8, which was
generated by GNU Autoconf 2.72.  Invocation command line was

  CONFIG_FILES    = 
  CONFIG_HEADERS  = 
  CONFIG_LINKS    = 
  CONFIG_COMMANDS = 
  $ ./config.status 

on martin-Strix-GL504GM-GL504GM

config.status:879: creating Makefile
config.status:879: creating src/Makefile
config.status:879: creating config.h
config.status:1108: executing depfiles commands
config.status:1185: cd src       && sed -e '/# am--include-marker/d' Makefile         | make -f - am--depfiles
make: Nothing to be done for 'am--depfiles'.
config.status:1190: $? = 0

## ---------------- ##
## Cache variables. ##
## ---------------- ##

ac_cv_build=x86_64-pc-linux-gnu
ac_cv_c_compiler_gnu=yes
ac_cv_c_inline=inline
ac_cv_c_uint16_t=yes
ac_cv_c_uint32_t=yes
ac_cv_c_uint64_t=yes
ac_cv_c_uint8_t=yes
ac_cv_env_CC_set=
ac_cv_env_CC_value=
ac_cv_env_CFLAGS_set=
ac_cv_env_CFLAGS_value=
ac_cv_env_CPPFLAGS_set=
ac_cv_env_CPPFLAGS_value=
ac_cv_env_LDFLAGS_set=
ac_cv_env_LDFLAGS_value=
ac_cv_env_LIBS_set=
ac_cv_env_LIBS_value=
ac_cv_env_PKG_CONFIG_LIBDIR_set=
ac_cv_env_PKG_CONFIG_LIBDIR_value=
ac_cv_env_PKG_CONFIG_PATH_set=
ac_cv_env_PKG_CONFIG_PATH_value=
ac_cv_env_PKG_CONFIG_set=
ac_cv_env_PKG_CONFIG_value=
ac_cv_env_build_alias_set=
ac_cv_env_build_alias_value=
ac_cv_env_host_alias_set=
ac_cv_env_host_alias_value=
ac_cv_env_libnfc_CFLAGS_set=
ac_cv_env_libnfc_CFLAGS_value=
ac_cv_env_libnfc_LIBS_set=
ac_cv_env_libnfc_LIBS_value=
ac_cv_env_target_alias_set=
ac_cv_env_target_alias_value=
ac_cv_func_malloc_0_nonnull=yes
ac_cv_func_memset=yes
ac_cv_func_realloc_0_nonnull=yes
ac_cv_func_strchr=yes
ac_cv_func_strtoul=yes
ac_cv_header_CoreFoundation_CoreFoundation_h=no
ac_cv_header_byteswap_h=yes
ac_cv_header_endian_h=yes
ac_cv_header_inttypes_h=yes
ac_cv_header_stdbool_h=yes
ac_cv_header_stdint_h=yes
ac_cv_header_stdio_h=yes
ac_cv_header_stdlib_h=yes
ac_cv_header_string_h=yes
ac_cv_header_strings_h=yes
ac_cv_header_sys_endian_h=no
ac_cv_header_sys_stat_h=yes
ac_cv_header_sys_types_h=yes
ac_cv_header_unistd_h=yes
ac_cv_host=x86_64-pc-linux-gnu
ac_cv_objext=o
ac_cv_path_ac_pt_PKG_CONFIG=/usr/bin/pkg-config
ac_cv_path_install='/usr/bin/install -c'
ac_cv_prog_AWK=mawk
ac_cv_prog_ac_ct_CC=gcc
ac_cv_prog_cc_c11=
ac_cv_prog_cc_g=yes
ac_cv_prog_cc_stdc=
ac_cv_prog_make_make_set=yes
ac_cv_type__Bool=yes
ac_cv_type_size_t=yes
am_cv_CC_dependencies_compiler_type=gcc3
am_cv_filesystem_timestamp_resolution=0.01
am_cv_make_support_nested_variables=yes
am_cv_prog_cc_c_o=yes
am_cv_sleep_fractional_seconds=yes
am_cv_xargs_n_works=yes
pkg_cv_libnfc_CFLAGS='-I/usr/local/include '
pkg_cv_libnfc_LIBS='-L/usr/local/lib -lnfc -lusb '

## ----------------- ##
## Output variables. ##
## ----------------- ##

ACLOCAL='${SHELL} '\''/home/martin/Documents/claudes/mf-bandit/mfcuk/missing'\'' aclocal-1.17'
AMDEPBACKSLASH='\'
AMDEP_FALSE='#'
AMDEP_TRUE=''
AMTAR='$${TAR-tar}'
AM_BACKSLASH='\'
AM_DEFAULT_V='$(AM_DEFAULT_VERBOSITY)'
AM_DEFAULT_VERBOSITY='0'
AM_V='$(V)'
AUTOCONF='${SHELL} '\''/home/martin/Documents/claudes/mf-bandit/mfcuk/missing'\'' autoconf'
AUTOHEADER='${SHELL} '\''/home/martin/Documents/claudes/mf-bandit/mfcuk/missing'\'' autoheader'
AUTOMAKE='${SHELL} '\''/home/martin/Documents/claudes/mf-bandit/mfcuk/missing'\'' automake-1.17'
AWK='mawk'
CC='gcc'
CCDEPMODE='depmode=gcc3'
CFLAGS='-g -O2 -Wall -pedantic -Wextra -std=c99'
CPPFLAGS=''
CSCOPE='cscope'
CTAGS='ctags'
CYGPATH_W='echo'
DEFS='-DHAVE_CONFIG_H'
DEPDIR='.deps'
ECHO_C=''
ECHO_N='-n'
ECHO_T=''
ETAGS='etags'
EXEEXT=''
HAVE_UNISTD_FALSE='#'
HAVE_UNISTD_TRUE=''
INSTALL_DATA='${INSTALL} -m 644'
INSTALL_PROGRAM='${INSTALL}'
INSTALL_SCRIPT='${INSTALL}'
INSTALL_STRIP_PROGRAM='$(install_sh) -c -s'
LDFLAGS=''
LIBOBJS=''
LIBS=''
LTLIBOBJS=''
MAKEINFO='${SHELL} '\''/home/martin/Documents/claudes/mf-bandit/mfcuk/missing'\'' makeinfo'
MKDIR_P='mkdir -p'
OBJEXT='o'
PACKAGE='mfcuk'
PACKAGE_BUGREPORT='zveriu@gmail.com'
PACKAGE_NAME='mfcuk'
PACKAGE_STRING='mfcuk 0.3.8'
PACKAGE_TARNAME='mfcuk'
PACKAGE_URL=''
PACKAGE_VERSION='0.3.8'
PATH_SEPARATOR=':'
PKG_CONFIG='/usr/bin/pkg-config'
PKG_CONFIG_LIBDIR=''
PKG_CONFIG_PATH=''
PKG_CONFIG_REQUIRES='libnfc'
SET_MAKE=''
SHELL='/bin/bash'
STRIP=''
VERSION='0.3.8'
ac_ct_CC='gcc'
am__EXEEXT_FALSE=''
am__EXEEXT_TRUE='#'
am__fastdepCC_FALSE='#'
am__fastdepCC_TRUE=''
am__include='include'
am__isrc=''
am__leading_dot='.'
am__nodep='_no'
am__quote=''
am__rm_f_notfound=''
am__tar='$${TAR-tar} chof - "$$tardir"'
am__untar='$${TAR-tar} xf -'
am__xargs_n='xargs -n'
bindir='${exec_prefix}/bin'
build='x86_64-pc-linux-gnu'
build_alias=''
build_cpu='x86_64'
build_os='linux-gnu'
build_vendor='pc'
datadir='${datarootdir}'
datarootdir='${prefix}/share'
docdir='${datarootdir}/doc/${PACKAGE_TARNAME}'
dvidir='${docdir}'
exec_prefix='${prefix}'
host='x86_64-pc-linux-gnu'
host_alias=''
host_cpu='x86_64'
host_os='linux-gnu'
host_vendor='pc'
htmldir='${docdir}'
includedir='${prefix}/include'
infodir='${datarootdir}/info'
install_sh='${SHELL} /home/martin/Documents/claudes/mf-bandit/mfcuk/install-sh'
libdir='${exec_prefix}/lib'
libexecdir='${exec_prefix}/libexec'
libnfc_CFLAGS='-I/usr/local/include '
libnfc_LIBS='-L/usr/local/lib -lnfc -lusb '
localedir='${datarootdir}/locale'
localstatedir='${prefix}/var'
mandir='${datarootdir}/man'
mkdir_p='$(MKDIR_P)'
oldincludedir='/usr/include'
pdfdir='${docdir}'
prefix='/usr/local'
program_transform_name='s,x,x,'
psdir='${docdir}'
runstatedir='${localstatedir}/run'
sbindir='${exec_prefix}/sbin'
sharedstatedir='${prefix}/com'
sysconfdir='${prefix}/etc'
target_alias=''

## ----------- ##
## confdefs.h. ##
## ----------- ##

/* confdefs.h */
#define PACKAGE_NAME "mfcuk"
#define PACKAGE_TARNAME "mfcuk"
#define PACKAGE_VERSION "0.3.8"
#define PACKAGE_STRING "mfcuk 0.3.8"
#define PACKAGE_BUGREPORT "zveriu@gmail.com"
#define PACKAGE_URL ""
#define PACKAGE "mfcuk"
#define VERSION "0.3.8"
#define HAVE_STDIO_H 1
#define HAVE_STDLIB_H 1
#define HAVE_STRING_H 1
#define HAVE_INTTYPES_H 1
#define HAVE_STDINT_H 1
#define HAVE_STRINGS_H 1
#define HAVE_SYS_STAT_H 1
#define HAVE_SYS_TYPES_H 1
#define HAVE_UNISTD_H 1
#define STDC_HEADERS 1
#define HAVE__BOOL 1
#define HAVE_STDBOOL_H 1
#define HAVE_MALLOC 1
#define HAVE_REALLOC 1
#define HAVE_MEMSET 1
#define HAVE_STRCHR 1
#define HAVE_STRTOUL 1
#define HAVE_ENDIAN_H 1
#define HAVE_BYTESWAP_H 1
#define HAVE_UNISTD_H 1
#define _XOPEN_SOURCE 600

configure: exit 0
